<?xml version="1.0" encoding="UTF-8"?>
<testsuite name="AvionTest" tests="2" skipped="0" failures="0" errors="0" timestamp="2024-07-24T20:57:56" hostname="DESKTOP-48R14AB" time="0.013">
  <properties/>
  <testcase name="testGetCapacidadCombustible()" classname="AvionTest" time="0.004"/>
  <testcase name="testGetConsumoCombustible()" classname="AvionTest" time="0.005"/>
  <system-out><![CDATA[]]></system-out>
  <system-err><![CDATA[]]></system-err>
</testsuite>
