<?xml version="1.0" encoding="UTF-8"?>
<testsuite name="CalculadorCombustibleTest" tests="3" skipped="0" failures="0" errors="0" timestamp="2024-07-24T20:57:56" hostname="DESKTOP-48R14AB" time="0.045">
  <properties/>
  <testcase name="instanceTest()" classname="CalculadorCombustibleTest" time="0.012"/>
  <testcase name="calcularCombustible()" classname="CalculadorCombustibleTest" time="0.005"/>
  <testcase name="instanceTestNull()" classname="CalculadorCombustibleTest" time="0.004"/>
  <system-out><![CDATA[]]></system-out>
  <system-err><![CDATA[]]></system-err>
</testsuite>
