<?xml version="1.0" encoding="UTF-8"?>
<testsuite name="AvionComercialTest" tests="3" skipped="0" failures="0" errors="0" timestamp="2024-07-24T20:57:56" hostname="DESKTOP-48R14AB" time="0.104">
  <properties/>
  <testcase name="testVuelo()" classname="AvionComercialTest" time="0.056"/>
  <testcase name="testGetCapacidadCombustible()" classname="AvionComercialTest" time="0.001"/>
  <testcase name="testGetConsumoCombustible()" classname="AvionComercialTest" time="0.002"/>
  <system-out><![CDATA[]]></system-out>
  <system-err><![CDATA[]]></system-err>
</testsuite>
