<?xml version="1.0" encoding="UTF-8"?>
<testsuite name="StreamBenchmarkTest" tests="2" skipped="0" failures="0" errors="0" timestamp="2024-07-24T20:57:59" hostname="DESKTOP-48R14AB" time="2.646">
  <properties/>
  <testcase name="testParallelStream()" classname="StreamBenchmarkTest" time="1.436"/>
  <testcase name="testStream()" classname="StreamBenchmarkTest" time="1.208"/>
  <system-out><![CDATA[]]></system-out>
  <system-err><![CDATA[]]></system-err>
</testsuite>
