<?xml version="1.0" encoding="UTF-8"?>
<testsuite name="AvionPrivadoTest" tests="3" skipped="0" failures="0" errors="0" timestamp="2024-07-24T20:57:56" hostname="DESKTOP-48R14AB" time="0.037">
  <properties/>
  <testcase name="testVolar()" classname="AvionPrivadoTest" time="0.014"/>
  <testcase name="testGetCapacidadCombustible()" classname="AvionPrivadoTest" time="0.005"/>
  <testcase name="testGetConsumoCombustible()" classname="AvionPrivadoTest" time="0.004"/>
  <system-out><![CDATA[]]></system-out>
  <system-err><![CDATA[]]></system-err>
</testsuite>
